C:\Program Files (x86)\Microsoft Visual Studio\2019\Community\MSBuild\Microsoft\VC\v160\Microsoft.CppBuild.targets(499,5): warning MSB8004: Output Directory does not end with a trailing slash.  This build instance will add the slash as it is required to allow proper evaluation of the Output Directory.
  game.cpp
C:\Users\mikel\OneDrive\Desktop\C++\cppProjectSolution\cppProject\game.cpp(25,84): warning C4305: 'argument': truncation from 'double' to 'float'
C:\Users\mikel\OneDrive\Desktop\C++\cppProjectSolution\cppProject\game.cpp(26,75): warning C4305: 'argument': truncation from 'double' to 'float'
C:\Users\mikel\OneDrive\Desktop\C++\cppProjectSolution\cppProject\game.cpp(55,102): warning C4305: 'argument': truncation from 'double' to 'float'
C:\Users\mikel\OneDrive\Desktop\C++\cppProjectSolution\cppProject\game.cpp(84,90): warning C4305: 'argument': truncation from 'double' to 'float'
C:\Users\mikel\OneDrive\Desktop\C++\cppProjectSolution\cppProject\game.cpp(93,88): warning C4305: 'argument': truncation from 'double' to 'float'
C:\Users\mikel\OneDrive\Desktop\C++\cppProjectSolution\cppProject\game.cpp(130,59): warning C4305: 'argument': truncation from 'double' to 'float'
C:\Users\mikel\OneDrive\Desktop\C++\cppProjectSolution\cppProject\game.cpp(131,65): warning C4305: 'argument': truncation from 'double' to 'float'
C:\Users\mikel\OneDrive\Desktop\C++\cppProjectSolution\cppProject\game.cpp(132,63): warning C4305: 'argument': truncation from 'double' to 'float'
C:\Users\mikel\OneDrive\Desktop\C++\cppProjectSolution\cppProject\game.cpp(133,65): warning C4305: 'argument': truncation from 'double' to 'float'
C:\Users\mikel\OneDrive\Desktop\C++\cppProjectSolution\cppProject\game.cpp(134,63): warning C4305: 'argument': truncation from 'double' to 'float'
C:\Users\mikel\OneDrive\Desktop\C++\cppProjectSolution\cppProject\game.cpp(135,65): warning C4305: 'argument': truncation from 'double' to 'float'
C:\Users\mikel\OneDrive\Desktop\C++\cppProjectSolution\cppProject\game.cpp(231,8): warning C4101: 'it_mine': unreferenced local variable
C:\Users\mikel\OneDrive\Desktop\C++\cppProjectSolution\cppProject\game.cpp(422,12): warning C4244: 'argument': conversion from 'time_t' to 'unsigned int', possible loss of data
C:\Users\mikel\OneDrive\Desktop\C++\cppProjectSolution\cppProject\game.cpp(654,9): warning C4101: 'it_mine': unreferenced local variable
  Generating code
  4 of 336 functions ( 1.2%) were compiled, the rest were copied from previous compilation.
    0 functions were new in current compilation
    16 functions had inline decision re-evaluated but remain unchanged
  Finished generating code
  cppProject.vcxproj -> C:\Users\mikel\OneDrive\Desktop\C++\cppProjectSolution\bin\cppProject.exe
